<?xml version="1.0" encoding="UTF-8"?>
<testsuite name="ComputerRepairRequestTest" tests="2" skipped="0" failures="0" errors="0" timestamp="2023-03-18T12:40:49" hostname="DESKTOP-SO4QA4B" time="0.018">
  <properties/>
  <testcase name="First Test" classname="ComputerRepairRequestTest" time="0.016"/>
  <testcase name="Test Exemplu" classname="ComputerRepairRequestTest" time="0.001"/>
  <system-out><![CDATA[]]></system-out>
  <system-err><![CDATA[]]></system-err>
</testsuite>
